# JRE version: Java(TM) SE Runtime Environment (8.0_77-b03) (build 1.8.0_77-b03)
# Java VM: Java HotSpot(TM) 64-Bit Server VM (25.77-b03 mixed mode windows-amd64 compressed oops)
Heap:
 PSYoungGen      total 373760K, used 100822K [0x000000076af80000, 0x0000000789680000, 0x00000007c0000000)
  eden space 346624K, 29% used [0x000000076af80000,0x00000007711f58c8,0x0000000780200000)
  from space 27136K, 0% used [0x0000000780200000,0x0000000780200000,0x0000000781c80000)
  to   space 29184K, 0% used [0x0000000787a00000,0x0000000787a00000,0x0000000789680000)
 ParOldGen       total 257536K, used 55583K [0x00000006c0e00000, 0x00000006d0980000, 0x000000076af80000)
  object space 257536K, 21% used [0x00000006c0e00000,0x00000006c4447c60,0x00000006d0980000)
 Metaspace       used 61200K, capacity 61840K, committed 62296K, reserved 1103872K
  class space    used 7542K, capacity 7702K, committed 7808K, reserved 1048576K
GC Heap History (10 events):
Event: 5.851 GC heap before
{Heap before GC invocations=10 (full 2):
 PSYoungGen      total 284160K, used 11808K [0x000000076af80000, 0x0000000786800000, 0x00000007c0000000)
  eden space 270336K, 0% used [0x000000076af80000,0x000000076af80000,0x000000077b780000)
  from space 13824K, 85% used [0x000000077c580000,0x000000077d1082a0,0x000000077d300000)
  to   space 14336K, 0% used [0x000000077b780000,0x000000077b780000,0x000000077c580000)
 ParOldGen       total 109056K, used 13624K [0x00000006c0e00000, 0x00000006c7880000, 0x000000076af80000)
  object space 109056K, 12% used [0x00000006c0e00000,0x00000006c1b4e0e8,0x00000006c7880000)
 Metaspace       used 34951K, capacity 35250K, committed 35456K, reserved 1081344K
  class space    used 4151K, capacity 4209K, committed 4224K, reserved 1048576K
Event: 5.916 GC heap after
Heap after GC invocations=10 (full 2):
 PSYoungGen      total 284160K, used 0K [0x000000076af80000, 0x0000000786800000, 0x00000007c0000000)
  eden space 270336K, 0% used [0x000000076af80000,0x000000076af80000,0x000000077b780000)
  from space 13824K, 0% used [0x000000077c580000,0x000000077c580000,0x000000077d300000)
  to   space 14336K, 0% used [0x000000077b780000,0x000000077b780000,0x000000077c580000)
 ParOldGen       total 165376K, used 19355K [0x00000006c0e00000, 0x00000006caf80000, 0x000000076af80000)
  object space 165376K, 11% used [0x00000006c0e00000,0x00000006c20e6df0,0x00000006caf80000)
 Metaspace       used 34951K, capacity 35250K, committed 35456K, reserved 1081344K
  class space    used 4151K, capacity 4209K, committed 4224K, reserved 1048576K
}
Event: 8.595 GC heap before
{Heap before GC invocations=11 (full 2):
 PSYoungGen      total 284160K, used 270336K [0x000000076af80000, 0x0000000786800000, 0x00000007c0000000)
  eden space 270336K, 100% used [0x000000076af80000,0x000000077b780000,0x000000077b780000)
  from space 13824K, 0% used [0x000000077c580000,0x000000077c580000,0x000000077d300000)
  to   space 14336K, 0% used [0x000000077b780000,0x000000077b780000,0x000000077c580000)
 ParOldGen       total 165376K, used 19355K [0x00000006c0e00000, 0x00000006caf80000, 0x000000076af80000)
  object space 165376K, 11% used [0x00000006c0e00000,0x00000006c20e6df0,0x00000006caf80000)
 Metaspace       used 50190K, capacity 50676K, committed 51072K, reserved 1093632K
  class space    used 6176K, capacity 6272K, committed 6272K, reserved 1048576K
Event: 8.619 GC heap after
Heap after GC invocations=11 (full 2):
 PSYoungGen      total 284672K, used 14322K [0x000000076af80000, 0x0000000782f00000, 0x00000007c0000000)
  eden space 270336K, 0% used [0x000000076af80000,0x000000076af80000,0x000000077b780000)
  from space 14336K, 99% used [0x000000077b780000,0x000000077c57c950,0x000000077c580000)
  to   space 18944K, 0% used [0x0000000781c80000,0x0000000781c80000,0x0000000782f00000)
 ParOldGen       total 165376K, used 27704K [0x00000006c0e00000, 0x00000006caf80000, 0x000000076af80000)
  object space 165376K, 16% used [0x00000006c0e00000,0x00000006c290e288,0x00000006caf80000)
 Metaspace       used 50190K, capacity 50676K, committed 51072K, reserved 1093632K
  class space    used 6176K, capacity 6272K, committed 6272K, reserved 1048576K
}
Event: 10.383 GC heap before
{Heap before GC invocations=12 (full 2):
 PSYoungGen      total 284672K, used 284658K [0x000000076af80000, 0x0000000782f00000, 0x00000007c0000000)
  eden space 270336K, 100% used [0x000000076af80000,0x000000077b780000,0x000000077b780000)
  from space 14336K, 99% used [0x000000077b780000,0x000000077c57c950,0x000000077c580000)
  to   space 18944K, 0% used [0x0000000781c80000,0x0000000781c80000,0x0000000782f00000)
 ParOldGen       total 165376K, used 27704K [0x00000006c0e00000, 0x00000006caf80000, 0x000000076af80000)
  object space 165376K, 16% used [0x00000006c0e00000,0x00000006c290e288,0x00000006caf80000)
 Metaspace       used 56435K, capacity 57030K, committed 57472K, reserved 1099776K
  class space    used 7006K, capacity 7203K, committed 7296K, reserved 1048576K
Event: 10.421 GC heap after
Heap after GC invocations=12 (full 2):
 PSYoungGen      total 365568K, used 18935K [0x000000076af80000, 0x0000000783d80000, 0x00000007c0000000)
  eden space 346624K, 0% used [0x000000076af80000,0x000000076af80000,0x0000000780200000)
  from space 18944K, 99% used [0x0000000781c80000,0x0000000782efde88,0x0000000782f00000)
  to   space 27136K, 0% used [0x0000000780200000,0x0000000780200000,0x0000000781c80000)
 ParOldGen       total 165376K, used 43681K [0x00000006c0e00000, 0x00000006caf80000, 0x000000076af80000)
  object space 165376K, 26% used [0x00000006c0e00000,0x00000006c38a8570,0x00000006caf80000)
 Metaspace       used 56435K, capacity 57030K, committed 57472K, reserved 1099776K
  class space    used 7006K, capacity 7203K, committed 7296K, reserved 1048576K
}
Event: 16.302 GC heap before
{Heap before GC invocations=13 (full 2):
 PSYoungGen      total 365568K, used 69127K [0x000000076af80000, 0x0000000783d80000, 0x00000007c0000000)
  eden space 346624K, 14% used [0x000000076af80000,0x000000076e083f70,0x0000000780200000)
  from space 18944K, 99% used [0x0000000781c80000,0x0000000782efde88,0x0000000782f00000)
  to   space 27136K, 0% used [0x0000000780200000,0x0000000780200000,0x0000000781c80000)
 ParOldGen       total 165376K, used 43681K [0x00000006c0e00000, 0x00000006caf80000, 0x000000076af80000)
  object space 165376K, 26% used [0x00000006c0e00000,0x00000006c38a8570,0x00000006caf80000)
 Metaspace       used 58333K, capacity 58970K, committed 59096K, reserved 1101824K
  class space    used 7245K, capacity 7421K, committed 7424K, reserved 1048576K
Event: 16.323 GC heap after
Heap after GC invocations=13 (full 2):
 PSYoungGen      total 373760K, used 22644K [0x000000076af80000, 0x0000000789680000, 0x00000007c0000000)
  eden space 346624K, 0% used [0x000000076af80000,0x000000076af80000,0x0000000780200000)
  from space 27136K, 83% used [0x0000000780200000,0x000000078181d2b8,0x0000000781c80000)
  to   space 29184K, 0% used [0x0000000787a00000,0x0000000787a00000,0x0000000789680000)
 ParOldGen       total 165376K, used 43689K [0x00000006c0e00000, 0x00000006caf80000, 0x000000076af80000)
  object space 165376K, 26% used [0x00000006c0e00000,0x00000006c38aa570,0x00000006caf80000)
 Metaspace       used 58333K, capacity 58970K, committed 59096K, reserved 1101824K
  class space    used 7245K, capacity 7421K, committed 7424K, reserved 1048576K
}
Event: 16.323 GC heap before
{Heap before GC invocations=14 (full 3):
 PSYoungGen      total 373760K, used 22644K [0x000000076af80000, 0x0000000789680000, 0x00000007c0000000)
  eden space 346624K, 0% used [0x000000076af80000,0x000000076af80000,0x0000000780200000)
  from space 27136K, 83% used [0x0000000780200000,0x000000078181d2b8,0x0000000781c80000)
  to   space 29184K, 0% used [0x0000000787a00000,0x0000000787a00000,0x0000000789680000)
 ParOldGen       total 165376K, used 43689K [0x00000006c0e00000, 0x00000006caf80000, 0x000000076af80000)
  object space 165376K, 26% used [0x00000006c0e00000,0x00000006c38aa570,0x00000006caf80000)
 Metaspace       used 58333K, capacity 58970K, committed 59096K, reserved 1101824K
  class space    used 7245K, capacity 7421K, committed 7424K, reserved 1048576K
Event: 16.568 GC heap after
Heap after GC invocations=14 (full 3):
 PSYoungGen      total 373760K, used 0K [0x000000076af80000, 0x0000000789680000, 0x00000007c0000000)
  eden space 346624K, 0% used [0x000000076af80000,0x000000076af80000,0x0000000780200000)
  from space 27136K, 0% used [0x0000000780200000,0x0000000780200000,0x0000000781c80000)
  to   space 29184K, 0% used [0x0000000787a00000,0x0000000787a00000,0x0000000789680000)
 ParOldGen       total 257536K, used 55583K [0x00000006c0e00000, 0x00000006d0980000, 0x000000076af80000)
  object space 257536K, 21% used [0x00000006c0e00000,0x00000006c4447c60,0x00000006d0980000)
 Metaspace       used 58299K, capacity 58916K, committed 59096K, reserved 1101824K
  class space    used 7240K, capacity 7412K, committed 7424K, reserved 1048576K
}

