# JRE version: Java(TM) SE Runtime Environment (8.0_77-b03) (build 1.8.0_77-b03)
# Java VM: Java HotSpot(TM) 64-Bit Server VM (25.77-b03 mixed mode windows-amd64 compressed oops)
Heap:
 PSYoungGen      total 361472K, used 44235K [0x000000076af80000, 0x0000000783480000, 0x00000007c0000000)
  eden space 337920K, 13% used [0x000000076af80000,0x000000076dab2cd8,0x000000077f980000)
  from space 23552K, 0% used [0x0000000781d80000,0x0000000781d80000,0x0000000783480000)
  to   space 30208K, 0% used [0x000000077f980000,0x000000077f980000,0x0000000781700000)
 ParOldGen       total 291328K, used 55274K [0x00000006c0e00000, 0x00000006d2a80000, 0x000000076af80000)
  object space 291328K, 18% used [0x00000006c0e00000,0x00000006c43faac8,0x00000006d2a80000)
 Metaspace       used 60917K, capacity 61520K, committed 61784K, reserved 1103872K
  class space    used 7537K, capacity 7702K, committed 7808K, reserved 1048576K
GC Heap History (10 events):
Event: 6.074 GC heap before
{Heap before GC invocations=9 (full 2):
 PSYoungGen      total 270336K, used 10734K [0x000000076af80000, 0x000000077e600000, 0x00000007c0000000)
  eden space 259584K, 0% used [0x000000076af80000,0x000000076af80000,0x000000077ad00000)
  from space 10752K, 99% used [0x000000077ad00000,0x000000077b77b8b0,0x000000077b780000)
  to   space 14848K, 0% used [0x000000077d780000,0x000000077d780000,0x000000077e600000)
 ParOldGen       total 105472K, used 14882K [0x00000006c0e00000, 0x00000006c7500000, 0x000000076af80000)
  object space 105472K, 14% used [0x00000006c0e00000,0x00000006c1c889d0,0x00000006c7500000)
 Metaspace       used 35016K, capacity 35250K, committed 35456K, reserved 1081344K
  class space    used 4160K, capacity 4209K, committed 4224K, reserved 1048576K
Event: 6.168 GC heap after
Heap after GC invocations=9 (full 2):
 PSYoungGen      total 270336K, used 0K [0x000000076af80000, 0x000000077e600000, 0x00000007c0000000)
  eden space 259584K, 0% used [0x000000076af80000,0x000000076af80000,0x000000077ad00000)
  from space 10752K, 0% used [0x000000077ad00000,0x000000077ad00000,0x000000077b780000)
  to   space 14848K, 0% used [0x000000077d780000,0x000000077d780000,0x000000077e600000)
 ParOldGen       total 188416K, used 24043K [0x00000006c0e00000, 0x00000006cc600000, 0x000000076af80000)
  object space 188416K, 12% used [0x00000006c0e00000,0x00000006c257ae88,0x00000006cc600000)
 Metaspace       used 35016K, capacity 35250K, committed 35456K, reserved 1081344K
  class space    used 4160K, capacity 4209K, committed 4224K, reserved 1048576K
}
Event: 8.770 GC heap before
{Heap before GC invocations=10 (full 2):
 PSYoungGen      total 270336K, used 259584K [0x000000076af80000, 0x000000077e600000, 0x00000007c0000000)
  eden space 259584K, 100% used [0x000000076af80000,0x000000077ad00000,0x000000077ad00000)
  from space 10752K, 0% used [0x000000077ad00000,0x000000077ad00000,0x000000077b780000)
  to   space 14848K, 0% used [0x000000077d780000,0x000000077d780000,0x000000077e600000)
 ParOldGen       total 188416K, used 24043K [0x00000006c0e00000, 0x00000006cc600000, 0x000000076af80000)
  object space 188416K, 12% used [0x00000006c0e00000,0x00000006c257ae88,0x00000006cc600000)
 Metaspace       used 50184K, capacity 50658K, committed 51072K, reserved 1093632K
  class space    used 6171K, capacity 6269K, committed 6272K, reserved 1048576K
Event: 8.797 GC heap after
Heap after GC invocations=10 (full 2):
 PSYoungGen      total 298496K, used 14843K [0x000000076af80000, 0x0000000782480000, 0x00000007c0000000)
  eden space 283648K, 0% used [0x000000076af80000,0x000000076af80000,0x000000077c480000)
  from space 14848K, 99% used [0x000000077d780000,0x000000077e5feea8,0x000000077e600000)
  to   space 19456K, 0% used [0x000000077c480000,0x000000077c480000,0x000000077d780000)
 ParOldGen       total 188416K, used 31382K [0x00000006c0e00000, 0x00000006cc600000, 0x000000076af80000)
  object space 188416K, 16% used [0x00000006c0e00000,0x00000006c2ca5958,0x00000006cc600000)
 Metaspace       used 50184K, capacity 50658K, committed 51072K, reserved 1093632K
  class space    used 6171K, capacity 6269K, committed 6272K, reserved 1048576K
}
Event: 10.965 GC heap before
{Heap before GC invocations=11 (full 2):
 PSYoungGen      total 298496K, used 298491K [0x000000076af80000, 0x0000000782480000, 0x00000007c0000000)
  eden space 283648K, 100% used [0x000000076af80000,0x000000077c480000,0x000000077c480000)
  from space 14848K, 99% used [0x000000077d780000,0x000000077e5feea8,0x000000077e600000)
  to   space 19456K, 0% used [0x000000077c480000,0x000000077c480000,0x000000077d780000)
 ParOldGen       total 188416K, used 31382K [0x00000006c0e00000, 0x00000006cc600000, 0x000000076af80000)
  object space 188416K, 16% used [0x00000006c0e00000,0x00000006c2ca5958,0x00000006cc600000)
 Metaspace       used 56954K, capacity 57574K, committed 57984K, reserved 1099776K
  class space    used 7053K, capacity 7235K, committed 7296K, reserved 1048576K
Event: 11.015 GC heap after
Heap after GC invocations=11 (full 2):
 PSYoungGen      total 303104K, used 19425K [0x000000076af80000, 0x0000000783980000, 0x00000007c0000000)
  eden space 283648K, 0% used [0x000000076af80000,0x000000076af80000,0x000000077c480000)
  from space 19456K, 99% used [0x000000077c480000,0x000000077d778590,0x000000077d780000)
  to   space 28672K, 0% used [0x0000000781d80000,0x0000000781d80000,0x0000000783980000)
 ParOldGen       total 188416K, used 47449K [0x00000006c0e00000, 0x00000006cc600000, 0x000000076af80000)
  object space 188416K, 25% used [0x00000006c0e00000,0x00000006c3c567b0,0x00000006cc600000)
 Metaspace       used 56954K, capacity 57574K, committed 57984K, reserved 1099776K
  class space    used 7053K, capacity 7235K, committed 7296K, reserved 1048576K
}
Event: 15.222 GC heap before
{Heap before GC invocations=12 (full 2):
 PSYoungGen      total 303104K, used 53669K [0x000000076af80000, 0x0000000783980000, 0x00000007c0000000)
  eden space 283648K, 12% used [0x000000076af80000,0x000000076d0f10d0,0x000000077c480000)
  from space 19456K, 99% used [0x000000077c480000,0x000000077d778590,0x000000077d780000)
  to   space 28672K, 0% used [0x0000000781d80000,0x0000000781d80000,0x0000000783980000)
 ParOldGen       total 188416K, used 47449K [0x00000006c0e00000, 0x00000006cc600000, 0x000000076af80000)
  object space 188416K, 25% used [0x00000006c0e00000,0x00000006c3c567b0,0x00000006cc600000)
 Metaspace       used 58315K, capacity 58938K, committed 59096K, reserved 1101824K
  class space    used 7227K, capacity 7389K, committed 7424K, reserved 1048576K
Event: 15.238 GC heap after
Heap after GC invocations=12 (full 2):
 PSYoungGen      total 361472K, used 22197K [0x000000076af80000, 0x0000000783480000, 0x00000007c0000000)
  eden space 337920K, 0% used [0x000000076af80000,0x000000076af80000,0x000000077f980000)
  from space 23552K, 94% used [0x0000000781d80000,0x000000078332d588,0x0000000783480000)
  to   space 30208K, 0% used [0x000000077f980000,0x000000077f980000,0x0000000781700000)
 ParOldGen       total 188416K, used 47457K [0x00000006c0e00000, 0x00000006cc600000, 0x000000076af80000)
  object space 188416K, 25% used [0x00000006c0e00000,0x00000006c3c587b0,0x00000006cc600000)
 Metaspace       used 58315K, capacity 58938K, committed 59096K, reserved 1101824K
  class space    used 7227K, capacity 7389K, committed 7424K, reserved 1048576K
}
Event: 15.238 GC heap before
{Heap before GC invocations=13 (full 3):
 PSYoungGen      total 361472K, used 22197K [0x000000076af80000, 0x0000000783480000, 0x00000007c0000000)
  eden space 337920K, 0% used [0x000000076af80000,0x000000076af80000,0x000000077f980000)
  from space 23552K, 94% used [0x0000000781d80000,0x000000078332d588,0x0000000783480000)
  to   space 30208K, 0% used [0x000000077f980000,0x000000077f980000,0x0000000781700000)
 ParOldGen       total 188416K, used 47457K [0x00000006c0e00000, 0x00000006cc600000, 0x000000076af80000)
  object space 188416K, 25% used [0x00000006c0e00000,0x00000006c3c587b0,0x00000006cc600000)
 Metaspace       used 58315K, capacity 58938K, committed 59096K, reserved 1101824K
  class space    used 7227K, capacity 7389K, committed 7424K, reserved 1048576K
Event: 15.398 GC heap after
Heap after GC invocations=13 (full 3):
 PSYoungGen      total 361472K, used 0K [0x000000076af80000, 0x0000000783480000, 0x00000007c0000000)
  eden space 337920K, 0% used [0x000000076af80000,0x000000076af80000,0x000000077f980000)
  from space 23552K, 0% used [0x0000000781d80000,0x0000000781d80000,0x0000000783480000)
  to   space 30208K, 0% used [0x000000077f980000,0x000000077f980000,0x0000000781700000)
 ParOldGen       total 291328K, used 55274K [0x00000006c0e00000, 0x00000006d2a80000, 0x000000076af80000)
  object space 291328K, 18% used [0x00000006c0e00000,0x00000006c43faac8,0x00000006d2a80000)
 Metaspace       used 58281K, capacity 58884K, committed 59096K, reserved 1101824K
  class space    used 7222K, capacity 7380K, committed 7424K, reserved 1048576K
}

